<?xml version="1.0" encoding="UTF-8"?>
<testsuite name="liebman.projectile.ProjectileTest" tests="3" skipped="0" failures="0" errors="0" timestamp="2020-04-21T23:33:46" hostname="Dell-3000" time="0.023">
  <properties/>
  <testcase name="getX" classname="liebman.projectile.ProjectileTest" time="0.02"/>
  <testcase name="getY" classname="liebman.projectile.ProjectileTest" time="0.001"/>
  <testcase name="increaseTime" classname="liebman.projectile.ProjectileTest" time="0.001"/>
  <system-out><![CDATA[]]></system-out>
  <system-err><![CDATA[]]></system-err>
</testsuite>
